Currently processing dt2m for year 2023 ... 
tm_sz = 1460
Currently processing mslp for year 2023 ... 
tm_sz = 1460
Currently processing q2m for year 2023 ... 
tm_sz = 1460
Currently processing rain for year 2023 ... 
tm_sz = 365
Currently processing snowfall for year 2023 ... 
tm_sz = 365
Currently processing ssrd for year 2023 ... 
tm_sz = 2920
Currently processing strd for year 2023 ... 
tm_sz = 1460
Currently processing t2m for year 2023 ... 
tm_sz = 1460
Currently processing tp for year 2023 ... 
tm_sz = 365
Currently processing u10 for year 2023 ... 
tm_sz = 1460
Currently processing v10 for year 2023 ... 
tm_sz = 1460
